[debug] [2022-10-26T09:47:45.817Z] ----------------------------------------------------------------------
[debug] [2022-10-26T09:47:45.818Z] Command:       C:\Program Files\nodejs\node.exe C:\Users\abhyu\AppData\Roaming\npm\node_modules\firebase-tools\lib\bin\firebase.js init
[debug] [2022-10-26T09:47:45.819Z] CLI Version:   11.15.0
[debug] [2022-10-26T09:47:45.819Z] Platform:      win32
[debug] [2022-10-26T09:47:45.819Z] Node Version:  v16.17.0
[debug] [2022-10-26T09:47:45.820Z] Time:          Wed Oct 26 2022 15:17:45 GMT+0530 (India Standard Time)
[debug] [2022-10-26T09:47:45.820Z] ----------------------------------------------------------------------
[debug] 
[debug] [2022-10-26T09:47:45.823Z] >>> [apiv2][query] GET https://firebase-public.firebaseio.com/cli.json [none]
[debug] [2022-10-26T09:47:45.840Z] > command requires scopes: ["email","openid","https://www.googleapis.com/auth/cloudplatformprojects.readonly","https://www.googleapis.com/auth/firebase","https://www.googleapis.com/auth/cloud-platform"]
[debug] [2022-10-26T09:47:45.840Z] > authorizing via signed-in user (abhyudaysoni03@gmail.com)
[info] 
     ######## #### ########  ######## ########     ###     ######  ########
     ##        ##  ##     ## ##       ##     ##  ##   ##  ##       ##
     ######    ##  ########  ######   ########  #########  ######  ######
     ##        ##  ##    ##  ##       ##     ## ##     ##       ## ##
     ##       #### ##     ## ######## ########  ##     ##  ######  ########

You're about to initialize a Firebase project in this directory:

  P:\FrontEndMentor\invoices-app

[debug] [2022-10-26T09:47:46.511Z] <<< [apiv2][status] GET https://firebase-public.firebaseio.com/cli.json 200
[debug] [2022-10-26T09:47:46.511Z] <<< [apiv2][body] GET https://firebase-public.firebaseio.com/cli.json {"cloudBuildErrorAfter":1594252800000,"cloudBuildWarnAfter":1590019200000,"defaultNode10After":1594252800000,"minVersion":"3.0.5","node8DeploysDisabledAfter":1613390400000,"node8RuntimeDisabledAfter":1615809600000,"node8WarnAfter":1600128000000}
[info] 
=== Project Setup
[info] 
[info] First, let's associate this project directory with a Firebase project.
[info] You can create multiple project aliases by running firebase use --add, 
[info] but for now we'll just set up a default project.
[info] 
